mode: set
github.com/JoaquinRibero/go-web/internal/transactions/repositorio.go:23.47,27.2 1 1
github.com/JoaquinRibero/go-web/internal/transactions/repositorio.go:29.64,32.16 3 1
github.com/JoaquinRibero/go-web/internal/transactions/repositorio.go:35.2,35.16 1 1
github.com/JoaquinRibero/go-web/internal/transactions/repositorio.go:32.16,34.3 1 1
github.com/JoaquinRibero/go-web/internal/transactions/repositorio.go:38.47,40.42 2 1
github.com/JoaquinRibero/go-web/internal/transactions/repositorio.go:43.2,43.18 1 1
github.com/JoaquinRibero/go-web/internal/transactions/repositorio.go:46.2,46.30 1 1
github.com/JoaquinRibero/go-web/internal/transactions/repositorio.go:40.42,42.3 1 1
github.com/JoaquinRibero/go-web/internal/transactions/repositorio.go:43.18,45.3 1 0
github.com/JoaquinRibero/go-web/internal/transactions/repositorio.go:49.156,53.16 3 1
github.com/JoaquinRibero/go-web/internal/transactions/repositorio.go:56.2,67.42 3 1
github.com/JoaquinRibero/go-web/internal/transactions/repositorio.go:70.2,70.15 1 1
github.com/JoaquinRibero/go-web/internal/transactions/repositorio.go:53.16,55.3 1 0
github.com/JoaquinRibero/go-web/internal/transactions/repositorio.go:67.42,69.3 1 0
github.com/JoaquinRibero/go-web/internal/transactions/repositorio.go:73.155,85.16 5 0
github.com/JoaquinRibero/go-web/internal/transactions/repositorio.go:88.2,88.20 1 0
github.com/JoaquinRibero/go-web/internal/transactions/repositorio.go:95.2,95.14 1 0
github.com/JoaquinRibero/go-web/internal/transactions/repositorio.go:98.2,98.42 1 0
github.com/JoaquinRibero/go-web/internal/transactions/repositorio.go:101.2,101.15 1 0
github.com/JoaquinRibero/go-web/internal/transactions/repositorio.go:85.16,87.3 1 0
github.com/JoaquinRibero/go-web/internal/transactions/repositorio.go:88.20,89.21 1 0
github.com/JoaquinRibero/go-web/internal/transactions/repositorio.go:89.21,93.4 3 0
github.com/JoaquinRibero/go-web/internal/transactions/repositorio.go:95.14,97.3 1 0
github.com/JoaquinRibero/go-web/internal/transactions/repositorio.go:98.42,100.3 1 0
github.com/JoaquinRibero/go-web/internal/transactions/repositorio.go:104.46,108.16 4 0
github.com/JoaquinRibero/go-web/internal/transactions/repositorio.go:111.2,111.20 1 0
github.com/JoaquinRibero/go-web/internal/transactions/repositorio.go:116.2,116.14 1 0
github.com/JoaquinRibero/go-web/internal/transactions/repositorio.go:119.2,120.42 2 0
github.com/JoaquinRibero/go-web/internal/transactions/repositorio.go:123.2,123.12 1 0
github.com/JoaquinRibero/go-web/internal/transactions/repositorio.go:108.16,110.3 1 0
github.com/JoaquinRibero/go-web/internal/transactions/repositorio.go:111.20,112.21 1 0
github.com/JoaquinRibero/go-web/internal/transactions/repositorio.go:112.21,114.4 1 0
github.com/JoaquinRibero/go-web/internal/transactions/repositorio.go:116.14,118.3 1 0
github.com/JoaquinRibero/go-web/internal/transactions/repositorio.go:120.42,122.3 1 0
github.com/JoaquinRibero/go-web/internal/transactions/repositorio.go:126.108,131.16 5 0
github.com/JoaquinRibero/go-web/internal/transactions/repositorio.go:134.2,134.20 1 0
github.com/JoaquinRibero/go-web/internal/transactions/repositorio.go:142.2,142.14 1 0
github.com/JoaquinRibero/go-web/internal/transactions/repositorio.go:145.2,145.42 1 0
github.com/JoaquinRibero/go-web/internal/transactions/repositorio.go:148.2,148.15 1 0
github.com/JoaquinRibero/go-web/internal/transactions/repositorio.go:131.16,133.3 1 0
github.com/JoaquinRibero/go-web/internal/transactions/repositorio.go:134.20,135.21 1 0
github.com/JoaquinRibero/go-web/internal/transactions/repositorio.go:135.21,140.4 4 0
github.com/JoaquinRibero/go-web/internal/transactions/repositorio.go:142.14,144.3 1 0
github.com/JoaquinRibero/go-web/internal/transactions/repositorio.go:145.42,147.3 1 0
github.com/JoaquinRibero/go-web/internal/transactions/servicio.go:17.39,21.2 1 1
github.com/JoaquinRibero/go-web/internal/transactions/servicio.go:23.58,25.16 2 1
github.com/JoaquinRibero/go-web/internal/transactions/servicio.go:28.2,28.16 1 1
github.com/JoaquinRibero/go-web/internal/transactions/servicio.go:25.16,27.3 1 1
github.com/JoaquinRibero/go-web/internal/transactions/servicio.go:31.142,33.16 2 1
github.com/JoaquinRibero/go-web/internal/transactions/servicio.go:36.2,38.16 3 1
github.com/JoaquinRibero/go-web/internal/transactions/servicio.go:33.16,35.3 1 1
github.com/JoaquinRibero/go-web/internal/transactions/servicio.go:41.149,44.2 2 0
github.com/JoaquinRibero/go-web/internal/transactions/servicio.go:46.40,49.2 2 0
github.com/JoaquinRibero/go-web/internal/transactions/servicio.go:51.102,54.2 2 0
